{"D:\\Work\\tests\\minbox2\\src\\App.tsx": {"path":"D:\\Work\\tests\\minbox2\\src\\App.tsx","statementMap":{"0":{"start":{"line":1,"column":0},"end":{"line":1,"column":39}},"1":{"start":{"line":4,"column":2},"end":{"line":8,"column":4}},"2":{"start":{"line":11,"column":0},"end":{"line":11,"column":19}}},"fnMap":{"0":{"name":"App","decl":{"start":{"line":3,"column":9},"end":{"line":3,"column":12}},"loc":{"start":{"line":3,"column":12},"end":{"line":9,"column":1}}}},"branchMap":{},"s":{"0":2,"1":5,"2":2},"f":{"0":5},"b":{}}
,"D:\\Work\\tests\\minbox2\\src\\modules\\Todo\\Todo.tsx": {"path":"D:\\Work\\tests\\minbox2\\src\\modules\\Todo\\Todo.tsx","statementMap":{"0":{"start":{"line":1,"column":0},"end":{"line":1,"column":41}},"1":{"start":{"line":2,"column":0},"end":{"line":2,"column":39}},"2":{"start":{"line":3,"column":0},"end":{"line":3,"column":37}},"3":{"start":{"line":5,"column":0},"end":{"line":5,"column":35}},"4":{"start":{"line":7,"column":13},"end":{"line":41,"column":1}},"5":{"start":{"line":8,"column":16},"end":{"line":8,"column":52}},"6":{"start":{"line":8,"column":40},"end":{"line":8,"column":51}},"7":{"start":{"line":9,"column":25},"end":{"line":9,"column":70}},"8":{"start":{"line":9,"column":49},"end":{"line":9,"column":69}},"9":{"start":{"line":11,"column":27},"end":{"line":11,"column":73}},"10":{"start":{"line":11,"column":50},"end":{"line":11,"column":65}},"11":{"start":{"line":12,"column":24},"end":{"line":12,"column":75}},"12":{"start":{"line":14,"column":2},"end":{"line":40,"column":4}},"13":{"start":{"line":43,"column":0},"end":{"line":43,"column":20}}},"fnMap":{"0":{"name":"(anonymous_1)","decl":{"start":{"line":7,"column":13},"end":{"line":7,"column":16}},"loc":{"start":{"line":7,"column":18},"end":{"line":41,"column":1}}},"1":{"name":"(anonymous_2)","decl":{"start":{"line":8,"column":29},"end":{"line":8,"column":30}},"loc":{"start":{"line":8,"column":40},"end":{"line":8,"column":51}}},"2":{"name":"(anonymous_3)","decl":{"start":{"line":9,"column":38},"end":{"line":9,"column":39}},"loc":{"start":{"line":9,"column":49},"end":{"line":9,"column":69}}},"3":{"name":"(anonymous_4)","decl":{"start":{"line":11,"column":40},"end":{"line":11,"column":41}},"loc":{"start":{"line":11,"column":50},"end":{"line":11,"column":65}}}},"branchMap":{"0":{"loc":{"start":{"line":12,"column":24},"end":{"line":12,"column":75}},"type":"cond-expr","locations":[{"start":{"line":12,"column":49},"end":{"line":12,"column":60}},{"start":{"line":12,"column":63},"end":{"line":12,"column":75}}]},"1":{"loc":{"start":{"line":22,"column":13},"end":{"line":31,"column":null}},"type":"binary-expr","locations":[{"start":{"line":22,"column":13},"end":{"line":22,"column":29}},{"start":{"line":23,"column":14},"end":{"line":30,"column":null}}]}},"s":{"0":2,"1":2,"2":2,"3":2,"4":2,"5":11,"6":43,"7":11,"8":43,"9":11,"10":14,"11":11,"12":11,"13":2},"f":{"0":11,"1":43,"2":43,"3":14},"b":{"0":[6,5],"1":[11,8]}}
,"D:\\Work\\tests\\minbox2\\src\\modules\\Todo\\components\\Filter.tsx": {"path":"D:\\Work\\tests\\minbox2\\src\\modules\\Todo\\components\\Filter.tsx","statementMap":{"0":{"start":{"line":1,"column":0},"end":{"line":1,"column":36}},"1":{"start":{"line":3,"column":0},"end":{"line":3,"column":44}},"2":{"start":{"line":4,"column":0},"end":{"line":4,"column":46}},"3":{"start":{"line":6,"column":15},"end":{"line":47,"column":1}},"4":{"start":{"line":7,"column":17},"end":{"line":7,"column":54}},"5":{"start":{"line":7,"column":41},"end":{"line":7,"column":53}},"6":{"start":{"line":8,"column":20},"end":{"line":8,"column":60}},"7":{"start":{"line":8,"column":44},"end":{"line":8,"column":59}},"8":{"start":{"line":10,"column":2},"end":{"line":46,"column":4}},"9":{"start":{"line":13,"column":23},"end":{"line":13,"column":50}},"10":{"start":{"line":24,"column":23},"end":{"line":24,"column":53}},"11":{"start":{"line":35,"column":23},"end":{"line":35,"column":56}},"12":{"start":{"line":49,"column":0},"end":{"line":49,"column":22}}},"fnMap":{"0":{"name":"(anonymous_1)","decl":{"start":{"line":6,"column":15},"end":{"line":6,"column":18}},"loc":{"start":{"line":6,"column":20},"end":{"line":47,"column":1}}},"1":{"name":"(anonymous_2)","decl":{"start":{"line":7,"column":30},"end":{"line":7,"column":31}},"loc":{"start":{"line":7,"column":41},"end":{"line":7,"column":53}}},"2":{"name":"(anonymous_3)","decl":{"start":{"line":8,"column":33},"end":{"line":8,"column":34}},"loc":{"start":{"line":8,"column":44},"end":{"line":8,"column":59}}},"3":{"name":"(anonymous_4)","decl":{"start":{"line":13,"column":17},"end":{"line":13,"column":20}},"loc":{"start":{"line":13,"column":23},"end":{"line":13,"column":50}}},"4":{"name":"(anonymous_5)","decl":{"start":{"line":24,"column":17},"end":{"line":24,"column":20}},"loc":{"start":{"line":24,"column":23},"end":{"line":24,"column":53}}},"5":{"name":"(anonymous_6)","decl":{"start":{"line":35,"column":17},"end":{"line":35,"column":20}},"loc":{"start":{"line":35,"column":23},"end":{"line":35,"column":56}}}},"branchMap":{},"s":{"0":2,"1":2,"2":2,"3":2,"4":11,"5":41,"6":11,"7":41,"8":11,"9":2,"10":1,"11":1,"12":2},"f":{"0":11,"1":41,"2":41,"3":2,"4":1,"5":1},"b":{}}
,"D:\\Work\\tests\\minbox2\\src\\modules\\Todo\\components\\Input.tsx": {"path":"D:\\Work\\tests\\minbox2\\src\\modules\\Todo\\components\\Input.tsx","statementMap":{"0":{"start":{"line":1,"column":0},"end":{"line":1,"column":53}},"1":{"start":{"line":2,"column":0},"end":{"line":2,"column":36}},"2":{"start":{"line":4,"column":0},"end":{"line":4,"column":36}},"3":{"start":{"line":6,"column":14},"end":{"line":57,"column":1}},"4":{"start":{"line":7,"column":26},"end":{"line":7,"column":38}},"5":{"start":{"line":8,"column":18},"end":{"line":8,"column":56}},"6":{"start":{"line":8,"column":42},"end":{"line":8,"column":55}},"7":{"start":{"line":10,"column":24},"end":{"line":14,"column":3}},"8":{"start":{"line":11,"column":4},"end":{"line":13,"column":5}},"9":{"start":{"line":12,"column":6},"end":{"line":12,"column":22}},"10":{"start":{"line":16,"column":24},"end":{"line":26,"column":3}},"11":{"start":{"line":17,"column":4},"end":{"line":17,"column":29}},"12":{"start":{"line":17,"column":22},"end":{"line":17,"column":29}},"13":{"start":{"line":19,"column":4},"end":{"line":23,"column":7}},"14":{"start":{"line":25,"column":4},"end":{"line":25,"column":16}},"15":{"start":{"line":28,"column":2},"end":{"line":56,"column":4}},"16":{"start":{"line":52,"column":25},"end":{"line":52,"column":48}},"17":{"start":{"line":59,"column":0},"end":{"line":59,"column":21}}},"fnMap":{"0":{"name":"(anonymous_1)","decl":{"start":{"line":6,"column":14},"end":{"line":6,"column":17}},"loc":{"start":{"line":6,"column":19},"end":{"line":57,"column":1}}},"1":{"name":"(anonymous_2)","decl":{"start":{"line":8,"column":31},"end":{"line":8,"column":32}},"loc":{"start":{"line":8,"column":42},"end":{"line":8,"column":55}}},"2":{"name":"(anonymous_3)","decl":{"start":{"line":10,"column":24},"end":{"line":10,"column":25}},"loc":{"start":{"line":10,"column":63},"end":{"line":14,"column":3}}},"3":{"name":"(anonymous_4)","decl":{"start":{"line":16,"column":24},"end":{"line":16,"column":27}},"loc":{"start":{"line":16,"column":29},"end":{"line":26,"column":3}}},"4":{"name":"(anonymous_5)","decl":{"start":{"line":52,"column":18},"end":{"line":52,"column":19}},"loc":{"start":{"line":52,"column":25},"end":{"line":52,"column":48}}}},"branchMap":{"0":{"loc":{"start":{"line":11,"column":4},"end":{"line":13,"column":5}},"type":"if","locations":[{"start":{"line":11,"column":4},"end":{"line":13,"column":5}}]},"1":{"loc":{"start":{"line":17,"column":4},"end":{"line":17,"column":29}},"type":"if","locations":[{"start":{"line":17,"column":4},"end":{"line":17,"column":29}}]}},"s":{"0":2,"1":2,"2":2,"3":2,"4":14,"5":14,"6":52,"7":14,"8":3,"9":3,"10":14,"11":3,"12":0,"13":3,"14":3,"15":14,"16":3,"17":2},"f":{"0":14,"1":52,"2":3,"3":3,"4":3},"b":{"0":[3],"1":[0]}}
,"D:\\Work\\tests\\minbox2\\src\\modules\\Todo\\components\\Item.tsx": {"path":"D:\\Work\\tests\\minbox2\\src\\modules\\Todo\\components\\Item.tsx","statementMap":{"0":{"start":{"line":1,"column":0},"end":{"line":1,"column":36}},"1":{"start":{"line":3,"column":0},"end":{"line":3,"column":46}},"2":{"start":{"line":6,"column":13},"end":{"line":38,"column":1}},"3":{"start":{"line":7,"column":21},"end":{"line":7,"column":62}},"4":{"start":{"line":7,"column":45},"end":{"line":7,"column":61}},"5":{"start":{"line":9,"column":2},"end":{"line":37,"column":4}},"6":{"start":{"line":17,"column":23},"end":{"line":17,"column":42}},"7":{"start":{"line":40,"column":0},"end":{"line":40,"column":20}}},"fnMap":{"0":{"name":"(anonymous_1)","decl":{"start":{"line":6,"column":13},"end":{"line":6,"column":14}},"loc":{"start":{"line":6,"column":42},"end":{"line":38,"column":1}}},"1":{"name":"(anonymous_2)","decl":{"start":{"line":7,"column":34},"end":{"line":7,"column":35}},"loc":{"start":{"line":7,"column":45},"end":{"line":7,"column":61}}},"2":{"name":"(anonymous_3)","decl":{"start":{"line":17,"column":17},"end":{"line":17,"column":20}},"loc":{"start":{"line":17,"column":23},"end":{"line":17,"column":42}}}},"branchMap":{"0":{"loc":{"start":{"line":15,"column":10},"end":{"line":15,"column":65}},"type":"cond-expr","locations":[{"start":{"line":15,"column":27},"end":{"line":15,"column":45}},{"start":{"line":15,"column":48},"end":{"line":15,"column":65}}]},"1":{"loc":{"start":{"line":19,"column":9},"end":{"line":28,"column":null}},"type":"binary-expr","locations":[{"start":{"line":19,"column":9},"end":{"line":19,"column":23}},{"start":{"line":20,"column":10},"end":{"line":27,"column":null}}]},"2":{"loc":{"start":{"line":32,"column":32},"end":{"line":32,"column":95}},"type":"cond-expr","locations":[{"start":{"line":32,"column":49},"end":{"line":32,"column":77}},{"start":{"line":32,"column":80},"end":{"line":32,"column":95}}]}},"s":{"0":2,"1":2,"2":2,"3":16,"4":61,"5":16,"6":2,"7":2},"f":{"0":16,"1":61,"2":2},"b":{"0":[7,9],"1":[16,7],"2":[7,9]}}
,"D:\\Work\\tests\\minbox2\\src\\modules\\Todo\\components\\List.tsx": {"path":"D:\\Work\\tests\\minbox2\\src\\modules\\Todo\\components\\List.tsx","statementMap":{"0":{"start":{"line":1,"column":0},"end":{"line":1,"column":30}},"1":{"start":{"line":3,"column":0},"end":{"line":3,"column":36}},"2":{"start":{"line":5,"column":0},"end":{"line":5,"column":44}},"3":{"start":{"line":8,"column":13},"end":{"line":27,"column":1}},"4":{"start":{"line":9,"column":16},"end":{"line":9,"column":52}},"5":{"start":{"line":9,"column":40},"end":{"line":9,"column":51}},"6":{"start":{"line":10,"column":17},"end":{"line":10,"column":54}},"7":{"start":{"line":10,"column":41},"end":{"line":10,"column":53}},"8":{"start":{"line":12,"column":27},"end":{"line":16,"column":3}},"9":{"start":{"line":13,"column":4},"end":{"line":13,"column":87}},"10":{"start":{"line":13,"column":40},"end":{"line":13,"column":87}},"11":{"start":{"line":13,"column":70},"end":{"line":13,"column":85}},"12":{"start":{"line":14,"column":4},"end":{"line":14,"column":89}},"13":{"start":{"line":14,"column":43},"end":{"line":14,"column":89}},"14":{"start":{"line":14,"column":73},"end":{"line":14,"column":87}},"15":{"start":{"line":15,"column":4},"end":{"line":15,"column":17}},"16":{"start":{"line":18,"column":24},"end":{"line":18,"column":47}},"17":{"start":{"line":20,"column":2},"end":{"line":26,"column":4}},"18":{"start":{"line":23,"column":8},"end":{"line":23,"column":32}},"19":{"start":{"line":29,"column":0},"end":{"line":29,"column":20}}},"fnMap":{"0":{"name":"(anonymous_1)","decl":{"start":{"line":8,"column":13},"end":{"line":8,"column":16}},"loc":{"start":{"line":8,"column":18},"end":{"line":27,"column":1}}},"1":{"name":"(anonymous_2)","decl":{"start":{"line":9,"column":29},"end":{"line":9,"column":30}},"loc":{"start":{"line":9,"column":40},"end":{"line":9,"column":51}}},"2":{"name":"(anonymous_3)","decl":{"start":{"line":10,"column":30},"end":{"line":10,"column":31}},"loc":{"start":{"line":10,"column":41},"end":{"line":10,"column":53}}},"3":{"name":"(anonymous_4)","decl":{"start":{"line":12,"column":27},"end":{"line":12,"column":28}},"loc":{"start":{"line":12,"column":53},"end":{"line":16,"column":3}}},"4":{"name":"(anonymous_5)","decl":{"start":{"line":13,"column":60},"end":{"line":13,"column":61}},"loc":{"start":{"line":13,"column":70},"end":{"line":13,"column":85}}},"5":{"name":"(anonymous_6)","decl":{"start":{"line":14,"column":63},"end":{"line":14,"column":64}},"loc":{"start":{"line":14,"column":73},"end":{"line":14,"column":87}}},"6":{"name":"(anonymous_7)","decl":{"start":{"line":22,"column":25},"end":{"line":22,"column":26}},"loc":{"start":{"line":23,"column":8},"end":{"line":23,"column":32}}}},"branchMap":{"0":{"loc":{"start":{"line":13,"column":4},"end":{"line":13,"column":87}},"type":"if","locations":[{"start":{"line":13,"column":4},"end":{"line":13,"column":87}}]},"1":{"loc":{"start":{"line":14,"column":4},"end":{"line":14,"column":89}},"type":"if","locations":[{"start":{"line":14,"column":4},"end":{"line":14,"column":89}}]}},"s":{"0":2,"1":2,"2":2,"3":2,"4":14,"5":52,"6":14,"7":52,"8":14,"9":14,"10":2,"11":4,"12":12,"13":2,"14":4,"15":10,"16":14,"17":14,"18":16,"19":2},"f":{"0":14,"1":52,"2":52,"3":14,"4":4,"5":4,"6":16},"b":{"0":[2],"1":[2]}}
,"D:\\Work\\tests\\minbox2\\src\\modules\\Todo\\constants\\index.ts": {"path":"D:\\Work\\tests\\minbox2\\src\\modules\\Todo\\constants\\index.ts","statementMap":{"0":{"start":{"line":1,"column":13},"end":{"line":5,"column":13}}},"fnMap":{},"branchMap":{},"s":{"0":2},"f":{},"b":{}}
,"D:\\Work\\tests\\minbox2\\src\\modules\\Todo\\helpers\\getInitialTodos.ts": {"path":"D:\\Work\\tests\\minbox2\\src\\modules\\Todo\\helpers\\getInitialTodos.ts","statementMap":{"0":{"start":{"line":3,"column":31},"end":{"line":9,"column":1}},"1":{"start":{"line":4,"column":21},"end":{"line":4,"column":50}},"2":{"start":{"line":5,"column":2},"end":{"line":7,"column":3}},"3":{"start":{"line":6,"column":4},"end":{"line":6,"column":34}},"4":{"start":{"line":8,"column":2},"end":{"line":8,"column":12}},"5":{"start":{"line":3,"column":13},"end":{"line":3,"column":31}}},"fnMap":{"0":{"name":"(anonymous_0)","decl":{"start":{"line":3,"column":31},"end":{"line":3,"column":42}},"loc":{"start":{"line":3,"column":44},"end":{"line":9,"column":1}}}},"branchMap":{"0":{"loc":{"start":{"line":5,"column":2},"end":{"line":7,"column":3}},"type":"if","locations":[{"start":{"line":5,"column":2},"end":{"line":7,"column":3}}]}},"s":{"0":3,"1":4,"2":4,"3":1,"4":3,"5":3},"f":{"0":4},"b":{"0":[1]}}
,"D:\\Work\\tests\\minbox2\\src\\modules\\Todo\\helpers\\index.ts": {"path":"D:\\Work\\tests\\minbox2\\src\\modules\\Todo\\helpers\\index.ts","statementMap":{"0":{"start":{"line":1,"column":0},"end":{"line":1,"column":9}},"1":{"start":{"line":1,"column":9},"end":{"line":1,"column":52}},"2":{"start":{"line":2,"column":0},"end":{"line":2,"column":9}},"3":{"start":{"line":2,"column":9},"end":{"line":2,"column":40}}},"fnMap":{"0":{"name":"(anonymous_0)","decl":{"start":{"line":1,"column":9},"end":{"line":1,"column":24}},"loc":{"start":{"line":1,"column":9},"end":{"line":1,"column":52}}},"1":{"name":"(anonymous_1)","decl":{"start":{"line":2,"column":9},"end":{"line":2,"column":18}},"loc":{"start":{"line":2,"column":9},"end":{"line":2,"column":40}}}},"branchMap":{},"s":{"0":1,"1":3,"2":1,"3":2},"f":{"0":2,"1":1},"b":{}}
,"D:\\Work\\tests\\minbox2\\src\\modules\\Todo\\helpers\\saveTodos.ts": {"path":"D:\\Work\\tests\\minbox2\\src\\modules\\Todo\\helpers\\saveTodos.ts","statementMap":{"0":{"start":{"line":3,"column":25},"end":{"line":5,"column":1}},"1":{"start":{"line":4,"column":2},"end":{"line":4,"column":58}},"2":{"start":{"line":3,"column":13},"end":{"line":3,"column":25}}},"fnMap":{"0":{"name":"(anonymous_0)","decl":{"start":{"line":3,"column":25},"end":{"line":3,"column":26}},"loc":{"start":{"line":3,"column":46},"end":{"line":5,"column":1}}}},"branchMap":{},"s":{"0":3,"1":7,"2":3},"f":{"0":7},"b":{}}
,"D:\\Work\\tests\\minbox2\\src\\modules\\Todo\\store\\index.ts": {"path":"D:\\Work\\tests\\minbox2\\src\\modules\\Todo\\store\\index.ts","statementMap":{"0":{"start":{"line":1,"column":0},"end":{"line":1,"column":33}},"1":{"start":{"line":3,"column":0},"end":{"line":3,"column":44}},"2":{"start":{"line":4,"column":0},"end":{"line":4,"column":49}},"3":{"start":{"line":5,"column":0},"end":{"line":5,"column":61}},"4":{"start":{"line":8,"column":21},"end":{"line":40,"column":2}},"5":{"start":{"line":9,"column":23},"end":{"line":9,"column":40}},"6":{"start":{"line":11,"column":2},"end":{"line":39,"column":4}},"7":{"start":{"line":16,"column":6},"end":{"line":20,"column":8}},"8":{"start":{"line":17,"column":25},"end":{"line":17,"column":47}},"9":{"start":{"line":18,"column":8},"end":{"line":18,"column":28}},"10":{"start":{"line":19,"column":8},"end":{"line":19,"column":35}},"11":{"start":{"line":23,"column":6},"end":{"line":29,"column":8}},"12":{"start":{"line":24,"column":25},"end":{"line":25,"column":null}},"13":{"start":{"line":25,"column":10},"end":{"line":25,"column":73}},"14":{"start":{"line":27,"column":8},"end":{"line":27,"column":28}},"15":{"start":{"line":28,"column":8},"end":{"line":28,"column":35}},"16":{"start":{"line":32,"column":6},"end":{"line":36,"column":8}},"17":{"start":{"line":33,"column":25},"end":{"line":33,"column":70}},"18":{"start":{"line":33,"column":54},"end":{"line":33,"column":69}},"19":{"start":{"line":34,"column":8},"end":{"line":34,"column":28}},"20":{"start":{"line":35,"column":8},"end":{"line":35,"column":35}},"21":{"start":{"line":38,"column":27},"end":{"line":38,"column":50}},"22":{"start":{"line":38,"column":38},"end":{"line":38,"column":48}},"23":{"start":{"line":42,"column":0},"end":{"line":42,"column":28}}},"fnMap":{"0":{"name":"(anonymous_0)","decl":{"start":{"line":8,"column":39},"end":{"line":8,"column":40}},"loc":{"start":{"line":8,"column":47},"end":{"line":40,"column":1}}},"1":{"name":"(anonymous_1)","decl":{"start":{"line":15,"column":13},"end":{"line":15,"column":14}},"loc":{"start":{"line":16,"column":6},"end":{"line":20,"column":8}}},"2":{"name":"(anonymous_2)","decl":{"start":{"line":16,"column":10},"end":{"line":16,"column":11}},"loc":{"start":{"line":16,"column":20},"end":{"line":20,"column":7}}},"3":{"name":"(anonymous_3)","decl":{"start":{"line":22,"column":16},"end":{"line":22,"column":17}},"loc":{"start":{"line":23,"column":6},"end":{"line":29,"column":8}}},"4":{"name":"(anonymous_4)","decl":{"start":{"line":23,"column":10},"end":{"line":23,"column":11}},"loc":{"start":{"line":23,"column":20},"end":{"line":29,"column":7}}},"5":{"name":"(anonymous_5)","decl":{"start":{"line":24,"column":41},"end":{"line":24,"column":42}},"loc":{"start":{"line":25,"column":10},"end":{"line":25,"column":73}}},"6":{"name":"(anonymous_6)","decl":{"start":{"line":31,"column":20},"end":{"line":31,"column":23}},"loc":{"start":{"line":32,"column":6},"end":{"line":36,"column":8}}},"7":{"name":"(anonymous_7)","decl":{"start":{"line":32,"column":10},"end":{"line":32,"column":11}},"loc":{"start":{"line":32,"column":20},"end":{"line":36,"column":7}}},"8":{"name":"(anonymous_8)","decl":{"start":{"line":33,"column":44},"end":{"line":33,"column":45}},"loc":{"start":{"line":33,"column":54},"end":{"line":33,"column":69}}},"9":{"name":"(anonymous_9)","decl":{"start":{"line":38,"column":15},"end":{"line":38,"column":16}},"loc":{"start":{"line":38,"column":27},"end":{"line":38,"column":50}}},"10":{"name":"(anonymous_10)","decl":{"start":{"line":38,"column":31},"end":{"line":38,"column":34}},"loc":{"start":{"line":38,"column":38},"end":{"line":38,"column":48}}}},"branchMap":{"0":{"loc":{"start":{"line":25,"column":10},"end":{"line":25,"column":73}},"type":"cond-expr","locations":[{"start":{"line":25,"column":27},"end":{"line":25,"column":66}},{"start":{"line":25,"column":69},"end":{"line":25,"column":73}}]}},"s":{"0":2,"1":2,"2":2,"3":2,"4":2,"5":2,"6":2,"7":3,"8":3,"9":3,"10":3,"11":2,"12":2,"13":4,"14":2,"15":2,"16":1,"17":1,"18":2,"19":1,"20":1,"21":4,"22":4,"23":2},"f":{"0":2,"1":3,"2":3,"3":2,"4":2,"5":4,"6":1,"7":1,"8":2,"9":4,"10":4},"b":{"0":[2,2]}}
,"D:\\Work\\tests\\minbox2\\src\\shared\\utils\\cn.ts": {"path":"D:\\Work\\tests\\minbox2\\src\\shared\\utils\\cn.ts","statementMap":{"0":{"start":{"line":4,"column":0},"end":{"line":4,"column":16}},"1":{"start":{"line":1,"column":0},"end":{"line":1,"column":45}},"2":{"start":{"line":2,"column":0},"end":{"line":2,"column":41}},"3":{"start":{"line":5,"column":2},"end":{"line":5,"column":31}}},"fnMap":{"0":{"name":"cn","decl":{"start":{"line":4,"column":16},"end":{"line":4,"column":18}},"loc":{"start":{"line":4,"column":42},"end":{"line":6,"column":1}}}},"branchMap":{},"s":{"0":2,"1":2,"2":2,"3":49},"f":{"0":49},"b":{}}
}
