TN:
SF:src\App.tsx
FN:3,App
FNF:1
FNH:1
FNDA:5,App
DA:1,2
DA:4,5
DA:11,2
LF:3
LH:3
BRF:0
BRH:0
end_of_record
TN:
SF:src\modules\Todo\Todo.tsx
FN:7,(anonymous_1)
FN:8,(anonymous_2)
FN:9,(anonymous_3)
FN:11,(anonymous_4)
FNF:4
FNH:4
FNDA:11,(anonymous_1)
FNDA:43,(anonymous_2)
FNDA:43,(anonymous_3)
FNDA:14,(anonymous_4)
DA:1,2
DA:2,2
DA:3,2
DA:5,2
DA:7,2
DA:8,43
DA:9,43
DA:11,14
DA:12,11
DA:14,11
DA:43,2
LF:11
LH:11
BRDA:12,0,0,6
BRDA:12,0,1,5
BRDA:22,1,0,11
BRDA:22,1,1,8
BRF:4
BRH:4
end_of_record
TN:
SF:src\modules\Todo\components\Filter.tsx
FN:6,(anonymous_1)
FN:7,(anonymous_2)
FN:8,(anonymous_3)
FN:13,(anonymous_4)
FN:24,(anonymous_5)
FN:35,(anonymous_6)
FNF:6
FNH:6
FNDA:11,(anonymous_1)
FNDA:41,(anonymous_2)
FNDA:41,(anonymous_3)
FNDA:2,(anonymous_4)
FNDA:1,(anonymous_5)
FNDA:1,(anonymous_6)
DA:1,2
DA:3,2
DA:4,2
DA:6,2
DA:7,41
DA:8,41
DA:10,11
DA:13,2
DA:24,1
DA:35,1
DA:49,2
LF:11
LH:11
BRF:0
BRH:0
end_of_record
TN:
SF:src\modules\Todo\components\Input.tsx
FN:6,(anonymous_1)
FN:8,(anonymous_2)
FN:10,(anonymous_3)
FN:16,(anonymous_4)
FN:52,(anonymous_5)
FNF:5
FNH:5
FNDA:14,(anonymous_1)
FNDA:52,(anonymous_2)
FNDA:3,(anonymous_3)
FNDA:3,(anonymous_4)
FNDA:3,(anonymous_5)
DA:1,2
DA:2,2
DA:4,2
DA:6,2
DA:7,14
DA:8,52
DA:10,14
DA:11,3
DA:12,3
DA:16,14
DA:17,3
DA:19,3
DA:25,3
DA:28,14
DA:52,3
DA:59,2
LF:16
LH:16
BRDA:11,0,0,3
BRDA:17,1,0,0
BRF:2
BRH:1
end_of_record
TN:
SF:src\modules\Todo\components\Item.tsx
FN:6,(anonymous_1)
FN:7,(anonymous_2)
FN:17,(anonymous_3)
FNF:3
FNH:3
FNDA:16,(anonymous_1)
FNDA:61,(anonymous_2)
FNDA:2,(anonymous_3)
DA:1,2
DA:3,2
DA:6,2
DA:7,61
DA:9,16
DA:17,2
DA:40,2
LF:7
LH:7
BRDA:15,0,0,7
BRDA:15,0,1,9
BRDA:19,1,0,16
BRDA:19,1,1,7
BRDA:32,2,0,7
BRDA:32,2,1,9
BRF:6
BRH:6
end_of_record
TN:
SF:src\modules\Todo\components\List.tsx
FN:8,(anonymous_1)
FN:9,(anonymous_2)
FN:10,(anonymous_3)
FN:12,(anonymous_4)
FN:13,(anonymous_5)
FN:14,(anonymous_6)
FN:22,(anonymous_7)
FNF:7
FNH:7
FNDA:14,(anonymous_1)
FNDA:52,(anonymous_2)
FNDA:52,(anonymous_3)
FNDA:14,(anonymous_4)
FNDA:4,(anonymous_5)
FNDA:4,(anonymous_6)
FNDA:16,(anonymous_7)
DA:1,2
DA:3,2
DA:5,2
DA:8,2
DA:9,52
DA:10,52
DA:12,14
DA:13,14
DA:14,12
DA:15,10
DA:18,14
DA:20,14
DA:23,16
DA:29,2
LF:14
LH:14
BRDA:13,0,0,2
BRDA:14,1,0,2
BRF:2
BRH:2
end_of_record
TN:
SF:src\modules\Todo\constants\index.ts
FNF:0
FNH:0
DA:1,2
LF:1
LH:1
BRF:0
BRH:0
end_of_record
TN:
SF:src\modules\Todo\helpers\getInitialTodos.ts
FN:3,(anonymous_0)
FNF:1
FNH:1
FNDA:4,(anonymous_0)
DA:3,3
DA:4,4
DA:5,4
DA:6,1
DA:8,3
LF:5
LH:5
BRDA:5,0,0,1
BRF:1
BRH:1
end_of_record
TN:
SF:src\modules\Todo\helpers\index.ts
FN:1,(anonymous_0)
FN:2,(anonymous_1)
FNF:2
FNH:2
FNDA:2,(anonymous_0)
FNDA:1,(anonymous_1)
DA:1,3
DA:2,2
LF:2
LH:2
BRF:0
BRH:0
end_of_record
TN:
SF:src\modules\Todo\helpers\saveTodos.ts
FN:3,(anonymous_0)
FNF:1
FNH:1
FNDA:7,(anonymous_0)
DA:3,3
DA:4,7
LF:2
LH:2
BRF:0
BRH:0
end_of_record
TN:
SF:src\modules\Todo\store\index.ts
FN:8,(anonymous_0)
FN:15,(anonymous_1)
FN:16,(anonymous_2)
FN:22,(anonymous_3)
FN:23,(anonymous_4)
FN:24,(anonymous_5)
FN:31,(anonymous_6)
FN:32,(anonymous_7)
FN:33,(anonymous_8)
FN:38,(anonymous_9)
FN:38,(anonymous_10)
FNF:11
FNH:11
FNDA:2,(anonymous_0)
FNDA:3,(anonymous_1)
FNDA:3,(anonymous_2)
FNDA:2,(anonymous_3)
FNDA:2,(anonymous_4)
FNDA:4,(anonymous_5)
FNDA:1,(anonymous_6)
FNDA:1,(anonymous_7)
FNDA:2,(anonymous_8)
FNDA:4,(anonymous_9)
FNDA:4,(anonymous_10)
DA:1,2
DA:3,2
DA:4,2
DA:5,2
DA:8,2
DA:9,2
DA:11,2
DA:16,3
DA:17,3
DA:18,3
DA:19,3
DA:23,2
DA:24,2
DA:25,4
DA:27,2
DA:28,2
DA:32,1
DA:33,2
DA:34,1
DA:35,1
DA:38,4
DA:42,2
LF:22
LH:22
BRDA:25,0,0,2
BRDA:25,0,1,2
BRF:2
BRH:2
end_of_record
TN:
SF:src\shared\utils\cn.ts
FN:4,cn
FNF:1
FNH:1
FNDA:49,cn
DA:1,2
DA:2,2
DA:4,2
DA:5,49
LF:4
LH:4
BRF:0
BRH:0
end_of_record
